<?xml version="1.0" encoding="UTF-8"?>
<!-- Generated by org.testng.reporters.JUnitReportReporter -->
<testsuite skipped="0" hostname="USBLRNIVYCHHAB1" name="Cucumber.Framework_Auto.AppTest" tests="1" failures="0" timestamp="2019-07-03T14:55:22 IST" time="0.005" errors="0">
  <testcase name="testApp" time="0.005" classname="Cucumber.Framework_Auto.AppTest"/>
</testsuite> <!-- Cucumber.Framework_Auto.AppTest -->
